<?xml version="1.0" encoding="UTF-8"?>
<testng-results ignored="0" total="1" passed="1" failed="0" skipped="0">
  <reporter-output>
  </reporter-output>
  <suite started-at="2024-08-15T22:28:47 IST" name="Default suite" finished-at="2024-08-15T22:29:16 IST" duration-ms="28598">
    <groups>
    </groups>
    <test started-at="2024-08-15T22:28:47 IST" name="Default test" finished-at="2024-08-15T22:29:16 IST" duration-ms="28598">
      <class name="Amazon.AmazonProductSearch">
        <test-method is-config="true" signature="setuptest()[pri:0, instance:Amazon.AmazonProductSearch@5e0e82ae]" started-at="2024-08-15T22:28:47 IST" name="setuptest" finished-at="2024-08-15T22:28:59 IST" duration-ms="11295" status="PASS">
          <reporter-output>
          </reporter-output>
        </test-method> <!-- setuptest -->
        <test-method signature="user_is_on_amazon_browser_version()[pri:0, instance:Amazon.AmazonProductSearch@5e0e82ae]" started-at="2024-08-15T22:28:59 IST" name="user_is_on_amazon_browser_version" finished-at="2024-08-15T22:29:15 IST" duration-ms="16094" status="PASS">
          <reporter-output>
          </reporter-output>
        </test-method> <!-- user_is_on_amazon_browser_version -->
        <test-method is-config="true" signature="teardown()[pri:0, instance:Amazon.AmazonProductSearch@5e0e82ae]" started-at="2024-08-15T22:29:15 IST" name="teardown" finished-at="2024-08-15T22:29:16 IST" duration-ms="1143" status="PASS">
          <reporter-output>
          </reporter-output>
        </test-method> <!-- teardown -->
      </class> <!-- Amazon.AmazonProductSearch -->
    </test> <!-- Default test -->
  </suite> <!-- Default suite -->
</testng-results>
